ACTIVANDO SESION 1517503583
Inicializando cargados datos con data/info/datos.txt
Cargados 299 tipos de bloque.
Cargados 30 patrones de disparo.
Cargados 130 actores genéricos.
Cargados 8 proyectiles genéricos.
Cargadas 12 piezas de puzzle
Cargado indice de 206 salas.
Cargados 592 datos persistentes.
Cargadas 633 cadenas de acciones.
Cargados 32 temporizadores.
WARNING: Imposible obtener canal de audio para actor de audio.
WARNING: Imposible obtener canal de audio para actor de audio.
WARNING: Imposible obtener canal de audio para actor de audio.
WARNING: Imposible obtener canal de audio para actor de audio.
WARNING: Imposible obtener canal de audio para actor de audio.
T.Total: 71.6909
T.Juego: 51.3784
T.Mapa: 14.0531
T.Diapositivas: 0
T.Puzzle: 0
T.Intro: 0
T.Otros: 3.66799

FINALIZANDO SESION 1517503656